#
# There is insufficient memory for the Java Runtime Environment to continue.
# Native memory allocation (mmap) failed to map 1073741824 bytes for committing reserved memory.
# Possible reasons:
#   The system is out of physical RAM or swap space
#   The process is running with CompressedOops enabled, and the Java Heap may be blocking the growth of the native heap
# Possible solutions:
#   Reduce memory load on the system
#   Increase physical memory or swap space
#   Check if swap backing store is full
#   Decrease Java heap size (-Xmx/-Xms)
#   Decrease number of Java threads
#   Decrease Java thread stack sizes (-Xss)
#   Set larger code cache with -XX:ReservedCodeCacheSize=
# This output file may be truncated or incomplete.
#
#  Out of Memory Error (os_linux.cpp:2798), pid=53658, tid=0x00007f663b3f9700
#
# JRE version:  (8.0_312-b07) (build )
# Java VM: OpenJDK 64-Bit Server VM (25.312-b07 mixed mode linux-amd64 compressed oops)
# Failed to write core dump. Core dumps have been disabled. To enable core dumping, try "ulimit -c unlimited" before starting Java again
#

---------------  T H R E A D  ---------------

Current thread (0x00007f6634011000):  JavaThread "Unknown thread" [_thread_in_vm, id=53680, stack(0x00007f663b2fa000,0x00007f663b3fa000)]

Stack: [0x00007f663b2fa000,0x00007f663b3fa000],  sp=0x00007f663b3f83f0,  free space=1016k
Native frames: (J=compiled Java code, j=interpreted, Vv=VM code, C=native code)
V  [libjvm.so+0xb369ea]
V  [libjvm.so+0x4ec541]
V  [libjvm.so+0x980c6e]
V  [libjvm.so+0x978480]
V  [libjvm.so+0x5b5d9c]
V  [libjvm.so+0x5b5f73]
V  [libjvm.so+0x5b88c9]
V  [libjvm.so+0x62be54]
V  [libjvm.so+0x62cdf1]
V  [libjvm.so+0x62d1e6]
V  [libjvm.so+0x58ec69]
V  [libjvm.so+0x5974d6]
V  [libjvm.so+0xaf912a]
V  [libjvm.so+0xaf93b9]
V  [libjvm.so+0x6417b4]
V  [libjvm.so+0xad8e00]
V  [libjvm.so+0x7283a3]  JNI_CreateJavaVM+0x63
C  [libjli.so+0x442a]
C  [libjli.so+0x8dc1]
C  [libpthread.so.0+0x9609]  start_thread+0xd9


---------------  P R O C E S S  ---------------

Java Threads: ( => current thread )

Other Threads:

=>0x00007f6634011000 (exited) JavaThread "Unknown thread" [_thread_in_vm, id=53680, stack(0x00007f663b2fa000,0x00007f663b3fa000)]

VM state:not at safepoint (not fully initialized)

VM Mutex/Monitor currently owned by a thread:  ([mutex/lock_event])
[0x00007f663400e4f0] Heap_lock - owner thread: 0x00007f6634011000

heap address: 0x00000000c0000000, size: 1024 MB, Compressed Oops mode: Non-zero based:0x00000000bffff000
Narrow klass base: 0x0000000000000000, Narrow klass shift: 0

GC Heap History (0 events):
No events

Deoptimization events (0 events):
No events

Classes redefined (0 events):
No events

Internal exceptions (0 events):
No events

Events (0 events):
No events


Dynamic libraries:
559cd444a000-559cd444b000 r--p 00000000 ca:01 272806                     /usr/lib/jvm/java-8-openjdk-amd64/jre/bin/java
559cd444b000-559cd444c000 r-xp 00001000 ca:01 272806                     /usr/lib/jvm/java-8-openjdk-amd64/jre/bin/java
559cd444c000-559cd444d000 r--p 00002000 ca:01 272806                     /usr/lib/jvm/java-8-openjdk-amd64/jre/bin/java
559cd444d000-559cd444e000 r--p 00002000 ca:01 272806                     /usr/lib/jvm/java-8-openjdk-amd64/jre/bin/java
559cd444e000-559cd444f000 rw-p 00003000 ca:01 272806                     /usr/lib/jvm/java-8-openjdk-amd64/jre/bin/java
559cd5e6f000-559cd5eb1000 rw-p 00000000 00:00 0                          [heap]
7f6610000000-7f6610021000 rw-p 00000000 00:00 0 
7f6610021000-7f6614000000 ---p 00000000 00:00 0 
7f6616000000-7f6618000000 rw-p 00000000 00:00 0 
7f6618000000-7f6618021000 rw-p 00000000 00:00 0 
7f6618021000-7f661c000000 ---p 00000000 00:00 0 
7f661c000000-7f661c021000 rw-p 00000000 00:00 0 
7f661c021000-7f6620000000 ---p 00000000 00:00 0 
7f6620000000-7f6620021000 rw-p 00000000 00:00 0 
7f6620021000-7f6624000000 ---p 00000000 00:00 0 
7f6624eff000-7f6625000000 rw-p 00000000 00:00 0 
7f6625000000-7f6625270000 rwxp 00000000 00:00 0 
7f6625270000-7f6634000000 ---p 00000000 00:00 0 
7f6634000000-7f6634058000 rw-p 00000000 00:00 0 
7f6634058000-7f6638000000 ---p 00000000 00:00 0 
7f663803b000-7f663807c000 rw-p 00000000 00:00 0 
7f663807c000-7f663807d000 ---p 00000000 00:00 0 
7f663807d000-7f663817d000 rw-p 00000000 00:00 0 
7f663817d000-7f663817e000 ---p 00000000 00:00 0 
7f663817e000-7f66382bf000 rw-p 00000000 00:00 0 
7f66382bf000-7f663aabf000 ---p 00000000 00:00 0 
7f663aabf000-7f663aac0000 ---p 00000000 00:00 0 
7f663aac0000-7f663abc0000 rw-p 00000000 00:00 0 
7f663abc0000-7f663abc1000 ---p 00000000 00:00 0 
7f663abc1000-7f663adc2000 rw-p 00000000 00:00 0 
7f663adc2000-7f663adc3000 ---p 00000000 00:00 0 
7f663adc3000-7f663aecd000 rw-p 00000000 00:00 0 
7f663aecd000-7f663b283000 ---p 00000000 00:00 0 
7f663b283000-7f663b286000 r--p 00000000 ca:01 272852                     /usr/lib/jvm/java-8-openjdk-amd64/jre/lib/amd64/libzip.so
7f663b286000-7f663b28b000 r-xp 00003000 ca:01 272852                     /usr/lib/jvm/java-8-openjdk-amd64/jre/lib/amd64/libzip.so
7f663b28b000-7f663b28d000 r--p 00008000 ca:01 272852                     /usr/lib/jvm/java-8-openjdk-amd64/jre/lib/amd64/libzip.so
7f663b28d000-7f663b28e000 r--p 00009000 ca:01 272852                     /usr/lib/jvm/java-8-openjdk-amd64/jre/lib/amd64/libzip.so
7f663b28e000-7f663b28f000 rw-p 0000a000 ca:01 272852                     /usr/lib/jvm/java-8-openjdk-amd64/jre/lib/amd64/libzip.so
7f663b28f000-7f663b292000 r--p 00000000 ca:01 3461                       /usr/lib/x86_64-linux-gnu/libnss_files-2.31.so
7f663b292000-7f663b299000 r-xp 00003000 ca:01 3461                       /usr/lib/x86_64-linux-gnu/libnss_files-2.31.so
7f663b299000-7f663b29b000 r--p 0000a000 ca:01 3461                       /usr/lib/x86_64-linux-gnu/libnss_files-2.31.so
7f663b29b000-7f663b29c000 r--p 0000b000 ca:01 3461                       /usr/lib/x86_64-linux-gnu/libnss_files-2.31.so
7f663b29c000-7f663b29d000 rw-p 0000c000 ca:01 3461                       /usr/lib/x86_64-linux-gnu/libnss_files-2.31.so
7f663b29d000-7f663b2a3000 rw-p 00000000 00:00 0 
7f663b2ac000-7f663b2b9000 r--p 00000000 ca:01 272833                     /usr/lib/jvm/java-8-openjdk-amd64/jre/lib/amd64/libjava.so
7f663b2b9000-7f663b2d1000 r-xp 0000d000 ca:01 272833                     /usr/lib/jvm/java-8-openjdk-amd64/jre/lib/amd64/libjava.so
7f663b2d1000-7f663b2d8000 r--p 00025000 ca:01 272833                     /usr/lib/jvm/java-8-openjdk-amd64/jre/lib/amd64/libjava.so
7f663b2d8000-7f663b2d9000 r--p 0002b000 ca:01 272833                     /usr/lib/jvm/java-8-openjdk-amd64/jre/lib/amd64/libjava.so
7f663b2d9000-7f663b2db000 rw-p 0002c000 ca:01 272833                     /usr/lib/jvm/java-8-openjdk-amd64/jre/lib/amd64/libjava.so
7f663b2db000-7f663b2e0000 r--p 00000000 ca:01 272851                     /usr/lib/jvm/java-8-openjdk-amd64/jre/lib/amd64/libverify.so
7f663b2e0000-7f663b2e9000 r-xp 00005000 ca:01 272851                     /usr/lib/jvm/java-8-openjdk-amd64/jre/lib/amd64/libverify.so
7f663b2e9000-7f663b2eb000 r--p 0000e000 ca:01 272851                     /usr/lib/jvm/java-8-openjdk-amd64/jre/lib/amd64/libverify.so
7f663b2eb000-7f663b2ed000 r--p 0000f000 ca:01 272851                     /usr/lib/jvm/java-8-openjdk-amd64/jre/lib/amd64/libverify.so
7f663b2ed000-7f663b2ee000 rw-p 00011000 ca:01 272851                     /usr/lib/jvm/java-8-openjdk-amd64/jre/lib/amd64/libverify.so
7f663b2ee000-7f663b2f1000 r--p 00000000 ca:01 3471                       /usr/lib/x86_64-linux-gnu/librt-2.31.so
7f663b2f1000-7f663b2f5000 r-xp 00003000 ca:01 3471                       /usr/lib/x86_64-linux-gnu/librt-2.31.so
7f663b2f5000-7f663b2f6000 r--p 00007000 ca:01 3471                       /usr/lib/x86_64-linux-gnu/librt-2.31.so
7f663b2f6000-7f663b2f7000 ---p 00008000 ca:01 3471                       /usr/lib/x86_64-linux-gnu/librt-2.31.so
7f663b2f7000-7f663b2f8000 r--p 00008000 ca:01 3471                       /usr/lib/x86_64-linux-gnu/librt-2.31.so
7f663b2f8000-7f663b2f9000 rw-p 00009000 ca:01 3471                       /usr/lib/x86_64-linux-gnu/librt-2.31.so
7f663b2f9000-7f663b2fa000 ---p 00000000 00:00 0 
7f663b2fa000-7f663b2fd000 ---p 00000000 00:00 0 
7f663b2fd000-7f663b3fa000 rw-p 00000000 00:00 0 
7f663b3fa000-7f663b3fd000 r--p 00000000 ca:01 3446                       /usr/lib/x86_64-linux-gnu/libgcc_s.so.1
7f663b3fd000-7f663b40f000 r-xp 00003000 ca:01 3446                       /usr/lib/x86_64-linux-gnu/libgcc_s.so.1
7f663b40f000-7f663b413000 r--p 00015000 ca:01 3446                       /usr/lib/x86_64-linux-gnu/libgcc_s.so.1
7f663b413000-7f663b414000 r--p 00018000 ca:01 3446                       /usr/lib/x86_64-linux-gnu/libgcc_s.so.1
7f663b414000-7f663b415000 rw-p 00019000 ca:01 3446                       /usr/lib/x86_64-linux-gnu/libgcc_s.so.1
7f663b415000-7f663b424000 r--p 00000000 ca:01 3455                       /usr/lib/x86_64-linux-gnu/libm-2.31.so
7f663b424000-7f663b4cb000 r-xp 0000f000 ca:01 3455                       /usr/lib/x86_64-linux-gnu/libm-2.31.so
7f663b4cb000-7f663b562000 r--p 000b6000 ca:01 3455                       /usr/lib/x86_64-linux-gnu/libm-2.31.so
7f663b562000-7f663b563000 r--p 0014c000 ca:01 3455                       /usr/lib/x86_64-linux-gnu/libm-2.31.so
7f663b563000-7f663b564000 rw-p 0014d000 ca:01 3455                       /usr/lib/x86_64-linux-gnu/libm-2.31.so
7f663b564000-7f663b5fa000 r--p 00000000 ca:01 3447                       /usr/lib/x86_64-linux-gnu/libstdc++.so.6.0.28
7f663b5fa000-7f663b6eb000 r-xp 00096000 ca:01 3447                       /usr/lib/x86_64-linux-gnu/libstdc++.so.6.0.28
7f663b6eb000-7f663b734000 r--p 00187000 ca:01 3447                       /usr/lib/x86_64-linux-gnu/libstdc++.so.6.0.28
7f663b734000-7f663b735000 ---p 001d0000 ca:01 3447                       /usr/lib/x86_64-linux-gnu/libstdc++.so.6.0.28
7f663b735000-7f663b740000 r--p 001d0000 ca:01 3447                       /usr/lib/x86_64-linux-gnu/libstdc++.so.6.0.28
7f663b740000-7f663b743000 rw-p 001db000 ca:01 3447                       /usr/lib/x86_64-linux-gnu/libstdc++.so.6.0.28
7f663b743000-7f663b746000 rw-p 00000000 00:00 0 
7f663b746000-7f663b93b000 r--p 00000000 ca:01 272855                     /usr/lib/jvm/java-8-openjdk-amd64/jre/lib/amd64/server/libjvm.so
7f663b93b000-7f663c2a4000 r-xp 001f5000 ca:01 272855                     /usr/lib/jvm/java-8-openjdk-amd64/jre/lib/amd64/server/libjvm.so
7f663c2a4000-7f663c456000 r--p 00b5e000 ca:01 272855                     /usr/lib/jvm/java-8-openjdk-amd64/jre/lib/amd64/server/libjvm.so
7f663c456000-7f663c4ec000 r--p 00d0f000 ca:01 272855                     /usr/lib/jvm/java-8-openjdk-amd64/jre/lib/amd64/server/libjvm.so
7f663c4ec000-7f663c515000 rw-p 00da5000 ca:01 272855                     /usr/lib/jvm/java-8-openjdk-amd64/jre/lib/amd64/server/libjvm.so
7f663c515000-7f663c54a000 rw-p 00000000 00:00 0 
7f663c54a000-7f663c551000 r--p 00000000 ca:01 3466                       /usr/lib/x86_64-linux-gnu/libpthread-2.31.so
7f663c551000-7f663c562000 r-xp 00007000 ca:01 3466                       /usr/lib/x86_64-linux-gnu/libpthread-2.31.so
7f663c562000-7f663c567000 r--p 00018000 ca:01 3466                       /usr/lib/x86_64-linux-gnu/libpthread-2.31.so
7f663c567000-7f663c568000 r--p 0001c000 ca:01 3466                       /usr/lib/x86_64-linux-gnu/libpthread-2.31.so
7f663c568000-7f663c569000 rw-p 0001d000 ca:01 3466                       /usr/lib/x86_64-linux-gnu/libpthread-2.31.so
7f663c569000-7f663c56d000 rw-p 00000000 00:00 0 
7f663c56d000-7f663c56e000 r--p 00000000 ca:01 3454                       /usr/lib/x86_64-linux-gnu/libdl-2.31.so
7f663c56e000-7f663c570000 r-xp 00001000 ca:01 3454                       /usr/lib/x86_64-linux-gnu/libdl-2.31.so
7f663c570000-7f663c571000 r--p 00003000 ca:01 3454                       /usr/lib/x86_64-linux-gnu/libdl-2.31.so
7f663c571000-7f663c572000 r--p 00003000 ca:01 3454                       /usr/lib/x86_64-linux-gnu/libdl-2.31.so
7f663c572000-7f663c573000 rw-p 00004000 ca:01 3454                       /usr/lib/x86_64-linux-gnu/libdl-2.31.so
7f663c573000-7f663c575000 r--p 00000000 ca:01 3877                       /usr/lib/x86_64-linux-gnu/libz.so.1.2.11
7f663c575000-7f663c586000 r-xp 00002000 ca:01 3877                       /usr/lib/x86_64-linux-gnu/libz.so.1.2.11
7f663c586000-7f663c58c000 r--p 00013000 ca:01 3877                       /usr/lib/x86_64-linux-gnu/libz.so.1.2.11
7f663c58c000-7f663c58d000 ---p 00019000 ca:01 3877                       /usr/lib/x86_64-linux-gnu/libz.so.1.2.11
7f663c58d000-7f663c58e000 r--p 00019000 ca:01 3877                       /usr/lib/x86_64-linux-gnu/libz.so.1.2.11
7f663c58e000-7f663c58f000 rw-p 0001a000 ca:01 3877                       /usr/lib/x86_64-linux-gnu/libz.so.1.2.11
7f663c58f000-7f663c5b4000 r--p 00000000 ca:01 3453                       /usr/lib/x86_64-linux-gnu/libc-2.31.so
7f663c5b4000-7f663c72c000 r-xp 00025000 ca:01 3453                       /usr/lib/x86_64-linux-gnu/libc-2.31.so
7f663c72c000-7f663c776000 r--p 0019d000 ca:01 3453                       /usr/lib/x86_64-linux-gnu/libc-2.31.so
7f663c776000-7f663c777000 ---p 001e7000 ca:01 3453                       /usr/lib/x86_64-linux-gnu/libc-2.31.so
7f663c777000-7f663c77a000 r--p 001e7000 ca:01 3453                       /usr/lib/x86_64-linux-gnu/libc-2.31.so
7f663c77a000-7f663c77d000 rw-p 001ea000 ca:01 3453                       /usr/lib/x86_64-linux-gnu/libc-2.31.so
7f663c77d000-7f663c781000 rw-p 00000000 00:00 0 
7f663c781000-7f663c789000 rw-s 00000000 ca:01 276612                     /tmp/hsperfdata_ubuntu/53658
7f663c789000-7f663c78a000 rw-p 00000000 00:00 0 
7f663c78a000-7f663c78d000 r--p 00000000 ca:01 272819                     /usr/lib/jvm/java-8-openjdk-amd64/jre/lib/amd64/jli/libjli.so
7f663c78d000-7f663c797000 r-xp 00003000 ca:01 272819                     /usr/lib/jvm/java-8-openjdk-amd64/jre/lib/amd64/jli/libjli.so
7f663c797000-7f663c79a000 r--p 0000d000 ca:01 272819                     /usr/lib/jvm/java-8-openjdk-amd64/jre/lib/amd64/jli/libjli.so
7f663c79a000-7f663c79b000 r--p 0000f000 ca:01 272819                     /usr/lib/jvm/java-8-openjdk-amd64/jre/lib/amd64/jli/libjli.so
7f663c79b000-7f663c79c000 rw-p 00010000 ca:01 272819                     /usr/lib/jvm/java-8-openjdk-amd64/jre/lib/amd64/jli/libjli.so
7f663c79c000-7f663c79e000 rw-p 00000000 00:00 0 
7f663c79e000-7f663c79f000 r--p 00000000 ca:01 3449                       /usr/lib/x86_64-linux-gnu/ld-2.31.so
7f663c79f000-7f663c7c2000 r-xp 00001000 ca:01 3449                       /usr/lib/x86_64-linux-gnu/ld-2.31.so
7f663c7c2000-7f663c7ca000 r--p 00024000 ca:01 3449                       /usr/lib/x86_64-linux-gnu/ld-2.31.so
7f663c7ca000-7f663c7cb000 r--p 00000000 00:00 0 
7f663c7cb000-7f663c7cc000 r--p 0002c000 ca:01 3449                       /usr/lib/x86_64-linux-gnu/ld-2.31.so
7f663c7cc000-7f663c7cd000 rw-p 0002d000 ca:01 3449                       /usr/lib/x86_64-linux-gnu/ld-2.31.so
7f663c7cd000-7f663c7ce000 rw-p 00000000 00:00 0 
7ffc992ee000-7ffc99310000 rw-p 00000000 00:00 0                          [stack]
7ffc99360000-7ffc99364000 r--p 00000000 00:00 0                          [vvar]
7ffc99364000-7ffc99366000 r-xp 00000000 00:00 0                          [vdso]
ffffffffff600000-ffffffffff601000 --xp 00000000 00:00 0                  [vsyscall]

VM Arguments:
jvm_args: -Xmx1G -Xms1G -XX:+UseG1GC -XX:MaxGCPauseMillis=20 -XX:InitiatingHeapOccupancyPercent=35 -XX:+ExplicitGCInvokesConcurrent -Djava.awt.headless=true -Xloggc:/home/ubuntu/confluent-5.0.1/bin/../logs/kafkaServer-gc.log -verbose:gc -XX:+PrintGCDetails -XX:+PrintGCDateStamps -XX:+PrintGCTimeStamps -XX:+UseGCLogFileRotation -XX:NumberOfGCLogFiles=10 -XX:GCLogFileSize=100M -Dcom.sun.management.jmxremote -Dcom.sun.management.jmxremote.authenticate=false -Dcom.sun.management.jmxremote.ssl=false -Dkafka.logs.dir=/home/ubuntu/confluent-5.0.1/bin/../logs -Dlog4j.configuration=file:/home/ubuntu/confluent-5.0.1/bin/../etc/kafka/log4j.properties 
java_command: io.confluent.support.metrics.SupportedKafka /home/ubuntu/confluent-5.0.1/etc/kafka/server.properties
java_class_path (initial): /home/ubuntu/confluent-5.0.1/bin/../share/java/kafka/scala-reflect-2.11.12.jar:/home/ubuntu/confluent-5.0.1/bin/../share/java/kafka/plexus-utils-3.1.0.jar:/home/ubuntu/confluent-5.0.1/bin/../share/java/kafka/jersey-container-servlet-core-2.27.jar:/home/ubuntu/confluent-5.0.1/bin/../share/java/kafka/javax.inject-2.5.0-b42.jar:/home/ubuntu/confluent-5.0.1/bin/../share/java/kafka/jersey-container-servlet-2.27.jar:/home/ubuntu/confluent-5.0.1/bin/../share/java/kafka/slf4j-log4j12-1.7.25.jar:/home/ubuntu/confluent-5.0.1/bin/../share/java/kafka/kafka_2.11-2.0.1-cp1-javadoc.jar:/home/ubuntu/confluent-5.0.1/bin/../share/java/kafka/hk2-utils-2.5.0-b42.jar:/home/ubuntu/confluent-5.0.1/bin/../share/java/kafka/kafka-streams-examples-2.0.1-cp1.jar:/home/ubuntu/confluent-5.0.1/bin/../share/java/kafka/kafka_2.11-2.0.1-cp1-scaladoc.jar:/home/ubuntu/confluent-5.0.1/bin/../share/java/kafka/kafka_2.11-2.0.1-cp1-test.jar:/home/ubuntu/confluent-5.0.1/bin/../share/java/kafka/snappy-java-1.1.7.1.jar:/home/ubuntu/confluent-5.0.1/bin/../share/java/kafka/connect-runtime-2.0.1-cp1.jar:/home/ubuntu/confluent-5.0.1/bin/../share/java/kafka/log4j-1.2.17.jar:/home/ubuntu/confluent-5.0.1/bin/../share/java/kafka/kafka-log4j-appender-2.0.1-cp1.jar:/home/ubuntu/confluent-5.0.1/bin/../share/java/kafka/connect-file-2.0.1-cp1.jar:/home/ubuntu/confluent-5.0.1/bin/../share/java/kafka/avro-1.8.1.jar:/home/ubuntu/confluent-5.0.1/bin/../share/java/kafka/javax.inject-1.jar:/home/ubuntu/confluent-5.0.1/bin/../share/java/kafka/jaxb-api-2.3.0.jar:/home/ubuntu/confluent-5.0.1/bin/../share/java/kafka/jackson-core-asl-1.9.13.jar:/home/ubuntu/confluent-5.0.1/bin/../share/java/kafka/support-metrics-client-5.0.1.jar:/home/ubuntu/confluent-5.0.1/bin/../share/java/kafka/aopalliance-repackaged-2.5.0-b42.jar:/home/ubuntu/confluent-5.0.1/bin/../share/java/kafka/jetty-io-9.4.11.v20180605.jar:/home/ubuntu/confluent-5.0.1/bin/../share/java/kafka/scala-library-2.11.12.jar:/home/ubuntu/confluent-5.0.
Launcher Type: SUN_STANDARD

Environment Variables:
PATH=/home/ubuntu/.vscode-server/bin/899d46d82c4c95423fb7e10e68eba52050e30ba3/bin:/home/ubuntu/.vscode-server/bin/899d46d82c4c95423fb7e10e68eba52050e30ba3/bin:/usr/local/sbin:/usr/local/bin:/usr/sbin:/usr/bin:/sbin:/bin:/usr/games:/usr/local/games:/snap/bin
SHELL=/bin/bash

Signal Handlers:
SIGSEGV: [libjvm.so+0xb373b0], sa_mask[0]=11111111011111111101111111111110, sa_flags=SA_RESTART|SA_SIGINFO
SIGBUS: [libjvm.so+0xb373b0], sa_mask[0]=11111111011111111101111111111110, sa_flags=SA_RESTART|SA_SIGINFO
SIGFPE: [libjvm.so+0x97bff0], sa_mask[0]=11111111011111111101111111111110, sa_flags=SA_RESTART|SA_SIGINFO
SIGPIPE: [libjvm.so+0x97bff0], sa_mask[0]=11111111011111111101111111111110, sa_flags=SA_RESTART|SA_SIGINFO
SIGXFSZ: [libjvm.so+0x97bff0], sa_mask[0]=11111111011111111101111111111110, sa_flags=SA_RESTART|SA_SIGINFO
SIGILL: [libjvm.so+0x97bff0], sa_mask[0]=11111111011111111101111111111110, sa_flags=SA_RESTART|SA_SIGINFO
SIGUSR1: SIG_DFL, sa_mask[0]=00000000000000000000000000000000, sa_flags=none
SIGUSR2: [libjvm.so+0x97bea0], sa_mask[0]=00000000000000000000000000000000, sa_flags=SA_RESTART|SA_SIGINFO
SIGHUP: SIG_DFL, sa_mask[0]=00000000000000000000000000000000, sa_flags=none
SIGINT: SIG_DFL, sa_mask[0]=00000000000000000000000000000000, sa_flags=none
SIGTERM: SIG_DFL, sa_mask[0]=00000000000000000000000000000000, sa_flags=none
SIGQUIT: SIG_DFL, sa_mask[0]=00000000000000000000000000000000, sa_flags=none


---------------  S Y S T E M  ---------------

OS:DISTRIB_ID=Ubuntu
DISTRIB_RELEASE=20.04
DISTRIB_CODENAME=focal
DISTRIB_DESCRIPTION="Ubuntu 20.04.3 LTS"

uname:Linux 5.11.0-1022-aws #23~20.04.1-Ubuntu SMP Mon Nov 15 14:03:19 UTC 2021 x86_64
libc:glibc 2.31 NPTL 2.31 
rlimit: STACK 8192k, CORE 0k, NPROC 3824, NOFILE 1048576, AS infinity
load average:0.05 0.04 0.00

/proc/meminfo:
MemTotal:         992204 kB
MemFree:           90424 kB
MemAvailable:     498192 kB
Buffers:           22824 kB
Cached:           504976 kB
SwapCached:            0 kB
Active:           176524 kB
Inactive:         590636 kB
Active(anon):       2232 kB
Inactive(anon):   250468 kB
Active(file):     174292 kB
Inactive(file):   340168 kB
Unevictable:       23064 kB
Mlocked:           18528 kB
SwapTotal:             0 kB
SwapFree:              0 kB
Dirty:                64 kB
Writeback:             0 kB
AnonPages:        262452 kB
Mapped:            99948 kB
Shmem:               820 kB
KReclaimable:      41900 kB
Slab:              75576 kB
SReclaimable:      41900 kB
SUnreclaim:        33676 kB
KernelStack:        3776 kB
PageTables:         6860 kB
NFS_Unstable:          0 kB
Bounce:                0 kB
WritebackTmp:          0 kB
CommitLimit:      496100 kB
Committed_AS:    1979268 kB
VmallocTotal:   34359738367 kB
VmallocUsed:       12448 kB
VmallocChunk:          0 kB
Percpu:            12736 kB
HardwareCorrupted:     0 kB
AnonHugePages:         0 kB
ShmemHugePages:        0 kB
ShmemPmdMapped:        0 kB
FileHugePages:         0 kB
FilePmdMapped:         0 kB
HugePages_Total:       0
HugePages_Free:        0
HugePages_Rsvd:        0
HugePages_Surp:        0
Hugepagesize:       2048 kB
Hugetlb:               0 kB
DirectMap4k:       94208 kB
DirectMap2M:      954368 kB

container (cgroup) information:
container_type: cgroupv1
cpu_cpuset_cpus: 0
cpu_memory_nodes: 0
active_processor_count: 1
cpu_quota: -1
cpu_period: 100000
cpu_shares: -1
memory_limit_in_bytes: -1
memory_and_swap_limit_in_bytes: -1
memory_soft_limit_in_bytes: -1
memory_usage_in_bytes: 395014144
memory_max_usage_in_bytes: 411668480


CPU:total 1 (initial active 1) (1 cores per cpu, 1 threads per core) family 6 model 63 stepping 2, cmov, cx8, fxsr, mmx, sse, sse2, sse3, ssse3, sse4.1, sse4.2, popcnt, avx, avx2, aes, clmul, erms, lzcnt, tsc, bmi1, bmi2

/proc/cpuinfo:
processor	: 0
vendor_id	: GenuineIntel
cpu family	: 6
model		: 63
model name	: Intel(R) Xeon(R) CPU E5-2676 v3 @ 2.40GHz
stepping	: 2
microcode	: 0x46
cpu MHz		: 2399.930
cache size	: 30720 KB
physical id	: 0
siblings	: 1
core id		: 0
cpu cores	: 1
apicid		: 0
initial apicid	: 0
fpu		: yes
fpu_exception	: yes
cpuid level	: 13
wp		: yes
flags		: fpu vme de pse tsc msr pae mce cx8 apic sep mtrr pge mca cmov pat pse36 clflush mmx fxsr sse sse2 ht syscall nx rdtscp lm constant_tsc rep_good nopl xtopology cpuid tsc_known_freq pni pclmulqdq ssse3 fma cx16 pcid sse4_1 sse4_2 x2apic movbe popcnt tsc_deadline_timer aes xsave avx f16c rdrand hypervisor lahf_lm abm cpuid_fault invpcid_single pti fsgsbase bmi1 avx2 smep bmi2 erms invpcid xsaveopt
bugs		: cpu_meltdown spectre_v1 spectre_v2 spec_store_bypass l1tf mds swapgs itlb_multihit
bogomips	: 4800.01
clflush size	: 64
cache_alignment	: 64
address sizes	: 46 bits physical, 48 bits virtual
power management:



Memory: 4k page, physical 992204k(90424k free), swap 0k(0k free)

vm_info: OpenJDK 64-Bit Server VM (25.312-b07) for linux-amd64 JRE (1.8.0_312-8u312-b07-0ubuntu1~20.04-b07), built on Nov  3 2021 13:54:59 by "buildd" with gcc 9.3.0

time: Mon Jan 31 22:48:36 2022
timezone: UTC
elapsed time: 0.008143 seconds (0d 0h 0m 0s)

